D:\WORKSPACE\0_CURRENTWORK\VCPP_PROJECTS\GANTRYMODULES\HPGANTRY\HPGANTRY\DEBUG\.NETFRAMEWORK,VERSION=V4.5.ASSEMBLYATTRIBUTES.OBJ
D:\WORKSPACE\0_CURRENTWORK\VCPP_PROJECTS\GANTRYMODULES\HPGANTRY\HPGANTRY\DEBUG\VC110.PDB
D:\WORKSPACE\0_CURRENTWORK\VCPP_PROJECTS\GANTRYMODULES\HPGANTRY\HPGANTRY\DEBUG\HPGANTRY.PCH
D:\WORKSPACE\0_CURRENTWORK\VCPP_PROJECTS\GANTRYMODULES\HPGANTRY\HPGANTRY\DEBUG\STDAFX.OBJ
D:\WORKSPACE\0_CURRENTWORK\VCPP_PROJECTS\GANTRYMODULES\HPGANTRY\HPGANTRY\DEBUG\HPGANTRY.OBJ
D:\WORKSPACE\0_CURRENTWORK\VCPP_PROJECTS\GANTRYMODULES\HPGANTRY\HPGANTRY\DEBUG\ASSEMBLYINFO.OBJ
D:\WORKSPACE\0_CURRENTWORK\VCPP_PROJECTS\GANTRYMODULES\HPGANTRY\HPGANTRY\DEBUG\.NETFRAMEWORK,VERSION=V4.0.ASSEMBLYATTRIBUTES.OBJ
D:\WORKSPACE\0_CURRENTWORK\VCPP_PROJECTS\GANTRYMODULES\HPGANTRY\DEBUG\HPGANTRY.ILK
D:\WORKSPACE\0_CURRENTWORK\VCPP_PROJECTS\GANTRYMODULES\HPGANTRY\DEBUG\HPGANTRY.DLL
D:\WORKSPACE\0_CURRENTWORK\VCPP_PROJECTS\GANTRYMODULES\HPGANTRY\DEBUG\HPGANTRY.PDB
D:\WORKSPACE\0_CURRENTWORK\VCPP_PROJECTS\GANTRYMODULES\HPGANTRY\HPGANTRY\DEBUG\APP.RES
D:\WorkSpace\0_CurrentWork\VCpp_Projects\GantryModules\HPGantry\HPGantry\Debug\HPGantry.vcxprojResolveAssemblyReference.cache
D:\WorkSpace\0_CurrentWork\VCpp_Projects\GantryModules\HPGantry\HPGantry\Debug\.NETFramework,Version=v4.0.AssemblyAttributes.obj
D:\WorkSpace\0_CurrentWork\VCpp_Projects\GantryModules\HPGantry\HPGantry\Debug\.NETFramework,Version=v4.5.AssemblyAttributes.obj
D:\WorkSpace\0_CurrentWork\VCpp_Projects\GantryModules\HPGantry\HPGantry\Debug\AssemblyInfo.obj
D:\WorkSpace\0_CurrentWork\VCpp_Projects\GantryModules\HPGantry\HPGantry\Debug\HPGantry.obj
D:\WorkSpace\0_CurrentWork\VCpp_Projects\GantryModules\HPGantry\HPGantry\Debug\Stdafx.obj
D:\WorkSpace\0_CurrentWork\VCpp_Projects\GantryModules\HPGantry\HPGantry\Debug\cl.command.1.tlog
D:\WorkSpace\0_CurrentWork\VCpp_Projects\GantryModules\HPGantry\HPGantry\Debug\CL.read.1.tlog
D:\WorkSpace\0_CurrentWork\VCpp_Projects\GantryModules\HPGantry\HPGantry\Debug\CL.write.1.tlog
D:\WorkSpace\0_CurrentWork\VCpp_Projects\GantryModules\HPGantry\HPGantry\Debug\link.3976-cvtres.read.1.tlog
D:\WorkSpace\0_CurrentWork\VCpp_Projects\GantryModules\HPGantry\HPGantry\Debug\link.3976-cvtres.write.1.tlog
D:\WorkSpace\0_CurrentWork\VCpp_Projects\GantryModules\HPGantry\HPGantry\Debug\link.3976-rc.read.1.tlog
D:\WorkSpace\0_CurrentWork\VCpp_Projects\GantryModules\HPGantry\HPGantry\Debug\link.3976-rc.write.1.tlog
D:\WorkSpace\0_CurrentWork\VCpp_Projects\GantryModules\HPGantry\HPGantry\Debug\link.3976.read.1.tlog
D:\WorkSpace\0_CurrentWork\VCpp_Projects\GantryModules\HPGantry\HPGantry\Debug\link.3976.write.1.tlog
D:\WorkSpace\0_CurrentWork\VCpp_Projects\GantryModules\HPGantry\HPGantry\Debug\link.820-cvtres.read.1.tlog
D:\WorkSpace\0_CurrentWork\VCpp_Projects\GantryModules\HPGantry\HPGantry\Debug\link.820-cvtres.write.1.tlog
D:\WorkSpace\0_CurrentWork\VCpp_Projects\GantryModules\HPGantry\HPGantry\Debug\link.820-rc.read.1.tlog
D:\WorkSpace\0_CurrentWork\VCpp_Projects\GantryModules\HPGantry\HPGantry\Debug\link.820-rc.write.1.tlog
D:\WorkSpace\0_CurrentWork\VCpp_Projects\GantryModules\HPGantry\HPGantry\Debug\link.820.read.1.tlog
D:\WorkSpace\0_CurrentWork\VCpp_Projects\GantryModules\HPGantry\HPGantry\Debug\link.820.write.1.tlog
D:\WorkSpace\0_CurrentWork\VCpp_Projects\GantryModules\HPGantry\HPGantry\Debug\link.command.1.tlog
D:\WorkSpace\0_CurrentWork\VCpp_Projects\GantryModules\HPGantry\HPGantry\Debug\link.read.1.tlog
D:\WorkSpace\0_CurrentWork\VCpp_Projects\GantryModules\HPGantry\HPGantry\Debug\link.write.1.tlog
D:\WorkSpace\0_CurrentWork\VCpp_Projects\GantryModules\HPGantry\HPGantry\Debug\metagen.read.1.tlog
D:\WorkSpace\0_CurrentWork\VCpp_Projects\GantryModules\HPGantry\HPGantry\Debug\metagen.write.1.tlog
D:\WorkSpace\0_CurrentWork\VCpp_Projects\GantryModules\HPGantry\HPGantry\Debug\rc.command.1.tlog
D:\WorkSpace\0_CurrentWork\VCpp_Projects\GantryModules\HPGantry\HPGantry\Debug\rc.read.1.tlog
D:\WorkSpace\0_CurrentWork\VCpp_Projects\GantryModules\HPGantry\HPGantry\Debug\rc.write.1.tlog
D:\WorkSpace\0_CurrentWork\VCpp_Projects\GantryModules\HPGantry\HPGantry\Debug\app.res
D:\WorkSpace\0_CurrentWork\VCpp_Projects\GantryModules\HPGantry\HPGantry\Debug\HPGantry.pch
D:\WorkSpace\0_CurrentWork\VCpp_Projects\GantryModules\HPGantry\HPGantry\Debug\vc110.pdb
D:\WorkSpace\0_CurrentWork\VCpp_Projects\GantryModules\HPGantry\HPGantry\Debug\RSAENH.DLL.bi
D:\WorkSpace\0_CurrentWork\VCpp_Projects\GantryModules\HPGantry\HPGantry\Debug\TZRES.DLL.bi
D:\WorkSpace\0_CurrentWork\VCpp_Projects\GantryModules\HPGantry\Debug\HPGantry.pdb
D:\WorkSpace\0_CurrentWork\VCpp_Projects\GantryModules\HPGantry\Debug\HPGantry.dll
D:\WorkSpace\0_CurrentWork\VCpp_Projects\GantryModules\HPGantry\Debug\HPGantry.ilk
